#! /usr/bin/vvp
:ivl_version "12.0 (stable)";
:ivl_delay_selection "TYPICAL";
:vpi_time_precision - 12;
:vpi_module "/usr/lib/x86_64-linux-gnu/ivl/system.vpi";
:vpi_module "/usr/lib/x86_64-linux-gnu/ivl/vhdl_sys.vpi";
:vpi_module "/usr/lib/x86_64-linux-gnu/ivl/vhdl_textio.vpi";
:vpi_module "/usr/lib/x86_64-linux-gnu/ivl/v2005_math.vpi";
:vpi_module "/usr/lib/x86_64-linux-gnu/ivl/va_math.vpi";
S_0x562aec39c2a0 .scope module, "tb" "tb" 2 3;
 .timescale -9 -12;
v0x562aec3b7cd0_0 .var "clk", 0 0;
v0x562aec3b7d90_0 .var "data_in", 7 0;
v0x562aec3b7e30_0 .net "data_out", 7 0, v0x562aec3b74b0_0;  1 drivers
v0x562aec3b7ed0_0 .net "empty", 0 0, L_0x562aec3c8800;  1 drivers
v0x562aec3b7f70 .array "file_data", 8 0, 10 0;
v0x562aec3b8010_0 .net "full", 0 0, L_0x562aec3c8530;  1 drivers
v0x562aec3b80b0_0 .var/i "i", 31 0;
v0x562aec3b8150_0 .var "rd_en", 0 0;
v0x562aec3b8220_0 .var "rstn", 0 0;
v0x562aec3b82f0_0 .var "wr_en", 0 0;
S_0x562aec39c430 .scope module, "f" "fifo" 2 16, 3 1 0, S_0x562aec39c2a0;
 .timescale 0 0;
    .port_info 0 /INPUT 1 "clk";
    .port_info 1 /INPUT 1 "rstn";
    .port_info 2 /INPUT 1 "wr_en";
    .port_info 3 /INPUT 1 "rd_en";
    .port_info 4 /INPUT 8 "data_in";
    .port_info 5 /OUTPUT 8 "data_out";
    .port_info 6 /OUTPUT 1 "full";
    .port_info 7 /OUTPUT 1 "empty";
v0x562aec35e490_0 .net *"_ivl_0", 31 0, L_0x562aec3b83c0;  1 drivers
L_0x7fa2787a30a8 .functor BUFT 1, C4<000000000000000000000000000>, C4<0>, C4<0>, C4<0>;
v0x562aec3b6da0_0 .net *"_ivl_11", 26 0, L_0x7fa2787a30a8;  1 drivers
L_0x7fa2787a30f0 .functor BUFT 1, C4<00000000000000000000000000000000>, C4<0>, C4<0>, C4<0>;
v0x562aec3b6e80_0 .net/2u *"_ivl_12", 31 0, L_0x7fa2787a30f0;  1 drivers
L_0x7fa2787a3018 .functor BUFT 1, C4<000000000000000000000000000>, C4<0>, C4<0>, C4<0>;
v0x562aec3b6f40_0 .net *"_ivl_3", 26 0, L_0x7fa2787a3018;  1 drivers
L_0x7fa2787a3060 .functor BUFT 1, C4<00000000000000000000000000000100>, C4<0>, C4<0>, C4<0>;
v0x562aec3b7020_0 .net/2u *"_ivl_4", 31 0, L_0x7fa2787a3060;  1 drivers
v0x562aec3b7150_0 .net *"_ivl_8", 31 0, L_0x562aec3c86c0;  1 drivers
v0x562aec3b7230_0 .net "clk", 0 0, v0x562aec3b7cd0_0;  1 drivers
v0x562aec3b72f0_0 .var "counter", 4 0;
v0x562aec3b73d0_0 .net "data_in", 7 0, v0x562aec3b7d90_0;  1 drivers
v0x562aec3b74b0_0 .var "data_out", 7 0;
v0x562aec3b7590_0 .net "empty", 0 0, L_0x562aec3c8800;  alias, 1 drivers
v0x562aec3b7650 .array "fila_fifo", 0 3, 7 0;
v0x562aec3b7710_0 .net "full", 0 0, L_0x562aec3c8530;  alias, 1 drivers
v0x562aec3b77d0_0 .var "pt_rd", 1 0;
v0x562aec3b78b0_0 .var "pt_wr", 1 0;
v0x562aec3b7990_0 .net "rd_en", 0 0, v0x562aec3b8150_0;  1 drivers
v0x562aec3b7a50_0 .net "rstn", 0 0, v0x562aec3b8220_0;  1 drivers
v0x562aec3b7b10_0 .net "wr_en", 0 0, v0x562aec3b82f0_0;  1 drivers
E_0x562aec398a70/0 .event negedge, v0x562aec3b7a50_0;
E_0x562aec398a70/1 .event posedge, v0x562aec3b7230_0;
E_0x562aec398a70 .event/or E_0x562aec398a70/0, E_0x562aec398a70/1;
L_0x562aec3b83c0 .concat [ 5 27 0 0], v0x562aec3b72f0_0, L_0x7fa2787a3018;
L_0x562aec3c8530 .cmp/eq 32, L_0x562aec3b83c0, L_0x7fa2787a3060;
L_0x562aec3c86c0 .concat [ 5 27 0 0], v0x562aec3b72f0_0, L_0x7fa2787a30a8;
L_0x562aec3c8800 .cmp/eq 32, L_0x562aec3c86c0, L_0x7fa2787a30f0;
    .scope S_0x562aec39c430;
T_0 ;
    %wait E_0x562aec398a70;
    %load/vec4 v0x562aec3b7a50_0;
    %inv;
    %flag_set/vec4 8;
    %jmp/0xz  T_0.0, 8;
    %pushi/vec4 0, 0, 2;
    %assign/vec4 v0x562aec3b78b0_0, 0;
    %pushi/vec4 0, 0, 2;
    %assign/vec4 v0x562aec3b77d0_0, 0;
    %pushi/vec4 0, 0, 5;
    %assign/vec4 v0x562aec3b72f0_0, 0;
    %jmp T_0.1;
T_0.0 ;
    %load/vec4 v0x562aec3b7b10_0;
    %flag_set/vec4 9;
    %flag_get/vec4 9;
    %jmp/0 T_0.4, 9;
    %load/vec4 v0x562aec3b7710_0;
    %inv;
    %and;
T_0.4;
    %flag_set/vec4 8;
    %jmp/0xz  T_0.2, 8;
    %load/vec4 v0x562aec3b73d0_0;
    %load/vec4 v0x562aec3b78b0_0;
    %pad/u 4;
    %ix/vec4 3;
    %ix/load 4, 0, 0; Constant delay
    %assign/vec4/a/d v0x562aec3b7650, 0, 4;
    %load/vec4 v0x562aec3b78b0_0;
    %pad/u 32;
    %cmpi/e 3, 0, 32;
    %flag_mov 8, 4;
    %jmp/0 T_0.5, 8;
    %pushi/vec4 0, 0, 2;
    %jmp/1 T_0.6, 8;
T_0.5 ; End of true expr.
    %load/vec4 v0x562aec3b78b0_0;
    %addi 1, 0, 2;
    %jmp/0 T_0.6, 8;
 ; End of false expr.
    %blend;
T_0.6;
    %assign/vec4 v0x562aec3b78b0_0, 0;
    %load/vec4 v0x562aec3b72f0_0;
    %addi 1, 0, 5;
    %assign/vec4 v0x562aec3b72f0_0, 0;
T_0.2 ;
    %load/vec4 v0x562aec3b7990_0;
    %flag_set/vec4 9;
    %flag_get/vec4 9;
    %jmp/0 T_0.9, 9;
    %load/vec4 v0x562aec3b7590_0;
    %inv;
    %and;
T_0.9;
    %flag_set/vec4 8;
    %jmp/0xz  T_0.7, 8;
    %load/vec4 v0x562aec3b77d0_0;
    %pad/u 4;
    %ix/vec4 4;
    %load/vec4a v0x562aec3b7650, 4;
    %assign/vec4 v0x562aec3b74b0_0, 0;
    %load/vec4 v0x562aec3b77d0_0;
    %pad/u 32;
    %cmpi/e 3, 0, 32;
    %flag_mov 8, 4;
    %jmp/0 T_0.10, 8;
    %pushi/vec4 0, 0, 2;
    %jmp/1 T_0.11, 8;
T_0.10 ; End of true expr.
    %load/vec4 v0x562aec3b77d0_0;
    %addi 1, 0, 2;
    %jmp/0 T_0.11, 8;
 ; End of false expr.
    %blend;
T_0.11;
    %assign/vec4 v0x562aec3b77d0_0, 0;
    %load/vec4 v0x562aec3b72f0_0;
    %subi 1, 0, 5;
    %assign/vec4 v0x562aec3b72f0_0, 0;
T_0.7 ;
T_0.1 ;
    %jmp T_0;
    .thread T_0;
    .scope S_0x562aec39c2a0;
T_1 ;
    %pushi/vec4 0, 0, 1;
    %store/vec4 v0x562aec3b7cd0_0, 0, 1;
    %end;
    .thread T_1;
    .scope S_0x562aec39c2a0;
T_2 ;
    %delay 1000, 0;
    %load/vec4 v0x562aec3b7cd0_0;
    %inv;
    %store/vec4 v0x562aec3b7cd0_0, 0, 1;
    %jmp T_2;
    .thread T_2;
    .scope S_0x562aec39c2a0;
T_3 ;
    %vpi_call 2 32 "$monitor", "rstn=%b, wr_en=%b, rd_en=%b, data_in=%b, data_out=%b, full=%b, empty=%b", v0x562aec3b8220_0, v0x562aec3b82f0_0, v0x562aec3b8150_0, v0x562aec3b7d90_0, v0x562aec3b7e30_0, v0x562aec3b8010_0, v0x562aec3b7ed0_0 {0 0 0};
    %vpi_call 2 35 "$readmemb", "teste.txt", v0x562aec3b7f70 {0 0 0};
    %vpi_call 2 36 "$dumpfile", "saida.vcd" {0 0 0};
    %vpi_call 2 37 "$dumpvars", 32'sb00000000000000000000000000000000, S_0x562aec39c2a0 {0 0 0};
    %pushi/vec4 0, 0, 32;
    %store/vec4 v0x562aec3b80b0_0, 0, 32;
T_3.0 ;
    %load/vec4 v0x562aec3b80b0_0;
    %cmpi/s 9, 0, 32;
    %jmp/0xz T_3.1, 5;
    %ix/getv/s 4, v0x562aec3b80b0_0;
    %load/vec4a v0x562aec3b7f70, 4;
    %parti/s 1, 10, 5;
    %store/vec4 v0x562aec3b8220_0, 0, 1;
    %ix/getv/s 4, v0x562aec3b80b0_0;
    %load/vec4a v0x562aec3b7f70, 4;
    %parti/s 1, 9, 5;
    %store/vec4 v0x562aec3b82f0_0, 0, 1;
    %ix/getv/s 4, v0x562aec3b80b0_0;
    %load/vec4a v0x562aec3b7f70, 4;
    %parti/s 1, 8, 5;
    %store/vec4 v0x562aec3b8150_0, 0, 1;
    %ix/getv/s 4, v0x562aec3b80b0_0;
    %load/vec4a v0x562aec3b7f70, 4;
    %parti/s 8, 0, 2;
    %store/vec4 v0x562aec3b7d90_0, 0, 8;
    %delay 2000, 0;
    %load/vec4 v0x562aec3b80b0_0;
    %addi 1, 0, 32;
    %store/vec4 v0x562aec3b80b0_0, 0, 32;
    %jmp T_3.0;
T_3.1 ;
    %vpi_call 2 47 "$finish" {0 0 0};
    %end;
    .thread T_3;
# The file index is used to find the file name in the following table.
:file_names 4;
    "N/A";
    "<interactive>";
    "tb.v";
    "fifo.v";
